

Started GET "/favicon.ico" for 127.0.0.1 at 2013-06-20 23:40:32 +0200

ArgumentError (Secret should be something secure, like "1fcf6c00a9f60afbc258fe75f8bec75b". The value you provided, "This is a secret token indeed", is shorter than the minimum length of 30 characters):
  actionpack (3.2.13) lib/action_dispatch/middleware/cookies.rb:327:in `ensure_secret_secure'
  actionpack (3.2.13) lib/action_dispatch/middleware/cookies.rb:284:in `initialize'
  actionpack (3.2.13) lib/action_dispatch/middleware/cookies.rb:231:in `new'
  actionpack (3.2.13) lib/action_dispatch/middleware/cookies.rb:231:in `signed'
  actionpack (3.2.13) lib/action_dispatch/middleware/session/cookie_store.rb:50:in `block in unpacked_cookie_data'
  actionpack (3.2.13) lib/action_dispatch/middleware/session/abstract_store.rb:57:in `stale_session_check!'
  actionpack (3.2.13) lib/action_dispatch/middleware/session/cookie_store.rb:48:in `unpacked_cookie_data'
  rack (1.4.5) lib/rack/session/cookie.rb:107:in `extract_session_id'
  actionpack (3.2.13) lib/action_dispatch/middleware/session/abstract_store.rb:53:in `block in extract_session_id'
  actionpack (3.2.13) lib/action_dispatch/middleware/session/abstract_store.rb:57:in `stale_session_check!'
  actionpack (3.2.13) lib/action_dispatch/middleware/session/abstract_store.rb:53:in `extract_session_id'
  rack (1.4.5) lib/rack/session/abstract/id.rb:43:in `load_session_id!'
  rack (1.4.5) lib/rack/session/abstract/id.rb:32:in `[]'
  rack (1.4.5) lib/rack/session/abstract/id.rb:267:in `current_session_id'
  rack (1.4.5) lib/rack/session/abstract/id.rb:273:in `session_exists?'
  rack (1.4.5) lib/rack/session/abstract/id.rb:107:in `exists?'
  rack (1.4.5) lib/rack/session/abstract/id.rb:127:in `load_for_read!'
  rack (1.4.5) lib/rack/session/abstract/id.rb:64:in `has_key?'
  actionpack (3.2.13) lib/action_dispatch/middleware/flash.rb:258:in `ensure in call'
  actionpack (3.2.13) lib/action_dispatch/middleware/flash.rb:259:in `call'
  rack (1.4.5) lib/rack/session/abstract/id.rb:210:in `context'
  rack (1.4.5) lib/rack/session/abstract/id.rb:205:in `call'
  actionpack (3.2.13) lib/action_dispatch/middleware/cookies.rb:341:in `call'
  actionpack (3.2.13) lib/action_dispatch/middleware/callbacks.rb:28:in `block in call'
  activesupport (3.2.13) lib/active_support/callbacks.rb:405:in `_run__1673691030592150182__call__4240503899826475478__callbacks'
  activesupport (3.2.13) lib/active_support/callbacks.rb:405:in `__run_callback'
  activesupport (3.2.13) lib/active_support/callbacks.rb:385:in `_run_call_callbacks'
  activesupport (3.2.13) lib/active_support/callbacks.rb:81:in `run_callbacks'
  actionpack (3.2.13) lib/action_dispatch/middleware/callbacks.rb:27:in `call'
  actionpack (3.2.13) lib/action_dispatch/middleware/reloader.rb:65:in `call'
  actionpack (3.2.13) lib/action_dispatch/middleware/remote_ip.rb:31:in `call'
  actionpack (3.2.13) lib/action_dispatch/middleware/debug_exceptions.rb:16:in `call'
  actionpack (3.2.13) lib/action_dispatch/middleware/show_exceptions.rb:56:in `call'
  railties (3.2.13) lib/rails/rack/logger.rb:32:in `call_app'
  railties (3.2.13) lib/rails/rack/logger.rb:16:in `block in call'
  activesupport (3.2.13) lib/active_support/tagged_logging.rb:22:in `tagged'
  railties (3.2.13) lib/rails/rack/logger.rb:16:in `call'
  actionpack (3.2.13) lib/action_dispatch/middleware/request_id.rb:22:in `call'
  rack (1.4.5) lib/rack/methodoverride.rb:21:in `call'
  rack (1.4.5) lib/rack/runtime.rb:17:in `call'
  activesupport (3.2.13) lib/active_support/cache/strategy/local_cache.rb:72:in `call'
  rack (1.4.5) lib/rack/lock.rb:15:in `call'
  actionpack (3.2.13) lib/action_dispatch/middleware/static.rb:63:in `call'
  railties (3.2.13) lib/rails/engine.rb:479:in `call'
  railties (3.2.13) lib/rails/application.rb:223:in `call'
  rack (1.4.5) lib/rack/content_length.rb:14:in `call'
  railties (3.2.13) lib/rails/rack/log_tailer.rb:17:in `call'
  rack (1.4.5) lib/rack/handler/webrick.rb:59:in `service'
  /Users/geps/.rvm/rubies/ruby-2.0.0-p0/lib/ruby/2.0.0/webrick/httpserver.rb:138:in `service'
  /Users/geps/.rvm/rubies/ruby-2.0.0-p0/lib/ruby/2.0.0/webrick/httpserver.rb:94:in `run'
  /Users/geps/.rvm/rubies/ruby-2.0.0-p0/lib/ruby/2.0.0/webrick/server.rb:295:in `block in start_thread'




Started GET "/favicon.ico" for 127.0.0.1 at 2013-06-20 23:42:25 +0200

ActionController::RoutingError (No route matches [GET] "/favicon.ico"):
  actionpack (3.2.13) lib/action_dispatch/middleware/debug_exceptions.rb:21:in `call'
  actionpack (3.2.13) lib/action_dispatch/middleware/show_exceptions.rb:56:in `call'
  railties (3.2.13) lib/rails/rack/logger.rb:32:in `call_app'
  railties (3.2.13) lib/rails/rack/logger.rb:16:in `block in call'
  activesupport (3.2.13) lib/active_support/tagged_logging.rb:22:in `tagged'
  railties (3.2.13) lib/rails/rack/logger.rb:16:in `call'
  actionpack (3.2.13) lib/action_dispatch/middleware/request_id.rb:22:in `call'
  rack (1.4.5) lib/rack/methodoverride.rb:21:in `call'
  rack (1.4.5) lib/rack/runtime.rb:17:in `call'
  activesupport (3.2.13) lib/active_support/cache/strategy/local_cache.rb:72:in `call'
  rack (1.4.5) lib/rack/lock.rb:15:in `call'
  actionpack (3.2.13) lib/action_dispatch/middleware/static.rb:63:in `call'
  railties (3.2.13) lib/rails/engine.rb:479:in `call'
  railties (3.2.13) lib/rails/application.rb:223:in `call'
  rack (1.4.5) lib/rack/content_length.rb:14:in `call'
  railties (3.2.13) lib/rails/rack/log_tailer.rb:17:in `call'
  rack (1.4.5) lib/rack/handler/webrick.rb:59:in `service'
  /Users/geps/.rvm/rubies/ruby-2.0.0-p0/lib/ruby/2.0.0/webrick/httpserver.rb:138:in `service'
  /Users/geps/.rvm/rubies/ruby-2.0.0-p0/lib/ruby/2.0.0/webrick/httpserver.rb:94:in `run'
  /Users/geps/.rvm/rubies/ruby-2.0.0-p0/lib/ruby/2.0.0/webrick/server.rb:295:in `block in start_thread'


Connecting to database specified by database.yml
Connecting to database specified by database.yml
Connecting to database specified by database.yml
  [1m[36m (1.0ms)[0m  [1mSELECT "schema_migrations"."version" FROM "schema_migrations" [0m
Migrating to CreateThings (1)
  [1m[35m (0.1ms)[0m  BEGIN
  [1m[36m (19.3ms)[0m  [1mCREATE TABLE "things" ("id" serial primary key, "name" character varying(255), "created_at" timestamp NOT NULL, "updated_at" timestamp NOT NULL) [0m
PG::Error: ERROR:  relation "things" already exists
: CREATE TABLE "things" ("id" serial primary key, "name" character varying(255), "created_at" timestamp NOT NULL, "updated_at" timestamp NOT NULL) 
  [1m[35m (0.1ms)[0m  ROLLBACK
Connecting to database specified by database.yml
  [1m[36m (0.3ms)[0m  [1mSELECT "schema_migrations"."version" FROM "schema_migrations" [0m
Migrating to CreateThings (1)
  [1m[35m (0.1ms)[0m  BEGIN
  [1m[36m (2.0ms)[0m  [1mCREATE TABLE "things" ("id" serial primary key, "name" character varying(255), "created_at" timestamp NOT NULL, "updated_at" timestamp NOT NULL) [0m
PG::Error: ERROR:  relation "things" already exists
: CREATE TABLE "things" ("id" serial primary key, "name" character varying(255), "created_at" timestamp NOT NULL, "updated_at" timestamp NOT NULL) 
  [1m[35m (0.1ms)[0m  ROLLBACK
Connecting to database specified by database.yml
  [1m[36m (0.9ms)[0m  [1mSELECT "schema_migrations"."version" FROM "schema_migrations" [0m
Connecting to database specified by database.yml
  [1m[36m (124.2ms)[0m  [1mDROP DATABASE IF EXISTS "rails_test"[0m
  [1m[35m (411.1ms)[0m  CREATE DATABASE "rails_test" ENCODING = 'utf8'
Connecting to database specified by database.yml
  [1m[36m (1.0ms)[0m  [1mSELECT "schema_migrations"."version" FROM "schema_migrations" [0m
Migrating to CreateThings (1)
  [1m[35m (0.1ms)[0m  BEGIN
  [1m[36m (12.0ms)[0m  [1mCREATE TABLE "things" ("id" serial primary key, "name" character varying(255), "created_at" timestamp NOT NULL, "updated_at" timestamp NOT NULL) [0m
PG::Error: ERROR:  relation "things" already exists
: CREATE TABLE "things" ("id" serial primary key, "name" character varying(255), "created_at" timestamp NOT NULL, "updated_at" timestamp NOT NULL) 
  [1m[35m (0.1ms)[0m  ROLLBACK
Connecting to database specified by database.yml
  [1m[36m (0.3ms)[0m  [1mSELECT "schema_migrations"."version" FROM "schema_migrations" [0m
Migrating to CreateThings (1)
  [1m[35m (0.1ms)[0m  BEGIN
  [1m[36m (14.8ms)[0m  [1mCREATE TABLE "things" ("id" serial primary key, "name" character varying(255), "created_at" timestamp NOT NULL, "updated_at" timestamp NOT NULL) [0m
  [1m[35m (1.2ms)[0m  INSERT INTO "schema_migrations" ("version") VALUES ('1')
  [1m[36m (0.2ms)[0m  [1mCOMMIT[0m
Migrating to AddDescriptionToThings (20130621202252)
  [1m[35m (0.2ms)[0m  BEGIN
  [1m[36m (2.4ms)[0m  [1mALTER TABLE "things" ADD COLUMN "description" character varying(255)[0m
  [1m[35m (0.2ms)[0m  INSERT INTO "schema_migrations" ("version") VALUES ('20130621202252')
  [1m[36m (0.3ms)[0m  [1mCOMMIT[0m
  [1m[35m (0.2ms)[0m  SELECT "schema_migrations"."version" FROM "schema_migrations" 
Connecting to database specified by database.yml
  [1m[36m (109.6ms)[0m  [1mDROP DATABASE IF EXISTS "rails_test"[0m
  [1m[35m (239.6ms)[0m  CREATE DATABASE "rails_test" ENCODING = 'utf8'
  [1m[36m (6.8ms)[0m  [1mCREATE TABLE "things" ("id" serial primary key, "name" character varying(255), "created_at" timestamp NOT NULL, "updated_at" timestamp NOT NULL, "description" character varying(255)) [0m
  [1m[35m (0.9ms)[0m  CREATE TABLE "schema_migrations" ("version" character varying(255) NOT NULL) 
  [1m[36m (0.9ms)[0m  [1mCREATE UNIQUE INDEX "unique_schema_migrations" ON "schema_migrations" ("version")[0m
  [1m[35m (0.4ms)[0m  SELECT version FROM "schema_migrations"
  [1m[36m (0.6ms)[0m  [1mINSERT INTO "schema_migrations" (version) VALUES ('20130621202252')[0m
  [1m[35m (0.3ms)[0m  INSERT INTO "schema_migrations" (version) VALUES ('1')
Connecting to database specified by database.yml
  [1m[36m (107.6ms)[0m  [1mDROP DATABASE IF EXISTS "rails_test"[0m
  [1m[35m (237.6ms)[0m  CREATE DATABASE "rails_test" ENCODING = 'utf8'
  [1m[36m (7.6ms)[0m  [1mCREATE TABLE "things" ("id" serial primary key, "name" character varying(255), "created_at" timestamp NOT NULL, "updated_at" timestamp NOT NULL, "description" character varying(255)) [0m
  [1m[35m (0.9ms)[0m  CREATE TABLE "schema_migrations" ("version" character varying(255) NOT NULL) 
  [1m[36m (1.1ms)[0m  [1mCREATE UNIQUE INDEX "unique_schema_migrations" ON "schema_migrations" ("version")[0m
  [1m[35m (0.2ms)[0m  SELECT version FROM "schema_migrations"
  [1m[36m (0.5ms)[0m  [1mINSERT INTO "schema_migrations" (version) VALUES ('20130621202252')[0m
  [1m[35m (0.3ms)[0m  INSERT INTO "schema_migrations" (version) VALUES ('1')
Connecting to database specified by database.yml
  [1m[36m (106.5ms)[0m  [1mDROP DATABASE IF EXISTS "rails_test"[0m
  [1m[35m (235.1ms)[0m  CREATE DATABASE "rails_test" ENCODING = 'utf8'
  [1m[36m (21.8ms)[0m  [1mCREATE TABLE "things" ("id" serial primary key, "name" character varying(255), "created_at" timestamp NOT NULL, "updated_at" timestamp NOT NULL, "description" character varying(255)) [0m
  [1m[35m (0.8ms)[0m  CREATE TABLE "schema_migrations" ("version" character varying(255) NOT NULL) 
  [1m[36m (1.3ms)[0m  [1mCREATE UNIQUE INDEX "unique_schema_migrations" ON "schema_migrations" ("version")[0m
  [1m[35m (0.2ms)[0m  SELECT version FROM "schema_migrations"
  [1m[36m (0.4ms)[0m  [1mINSERT INTO "schema_migrations" (version) VALUES ('20130621202252')[0m
  [1m[35m (0.4ms)[0m  INSERT INTO "schema_migrations" (version) VALUES ('1')
Connecting to database specified by database.yml
  [1m[36m (107.5ms)[0m  [1mDROP DATABASE IF EXISTS "rails_test"[0m
  [1m[35m (233.7ms)[0m  CREATE DATABASE "rails_test" ENCODING = 'utf8'
  [1m[36m (10.9ms)[0m  [1mCREATE TABLE "things" ("id" serial primary key, "name" character varying(255), "created_at" timestamp NOT NULL, "updated_at" timestamp NOT NULL, "description" character varying(255)) [0m
  [1m[35m (0.8ms)[0m  CREATE TABLE "schema_migrations" ("version" character varying(255) NOT NULL) 
  [1m[36m (3.6ms)[0m  [1mCREATE UNIQUE INDEX "unique_schema_migrations" ON "schema_migrations" ("version")[0m
  [1m[35m (0.2ms)[0m  SELECT version FROM "schema_migrations"
  [1m[36m (0.4ms)[0m  [1mINSERT INTO "schema_migrations" (version) VALUES ('20130621202252')[0m
  [1m[35m (1.1ms)[0m  INSERT INTO "schema_migrations" (version) VALUES ('1')
Connecting to database specified by database.yml
  [1m[36m (108.0ms)[0m  [1mDROP DATABASE IF EXISTS "rails_test"[0m
  [1m[35m (231.1ms)[0m  CREATE DATABASE "rails_test" ENCODING = 'utf8'
  [1m[36m (11.9ms)[0m  [1mCREATE TABLE "things" ("id" serial primary key, "name" character varying(255), "created_at" timestamp NOT NULL, "updated_at" timestamp NOT NULL, "description" character varying(255)) [0m
  [1m[35m (0.8ms)[0m  CREATE TABLE "schema_migrations" ("version" character varying(255) NOT NULL) 
  [1m[36m (5.1ms)[0m  [1mCREATE UNIQUE INDEX "unique_schema_migrations" ON "schema_migrations" ("version")[0m
  [1m[35m (0.2ms)[0m  SELECT version FROM "schema_migrations"
  [1m[36m (6.2ms)[0m  [1mINSERT INTO "schema_migrations" (version) VALUES ('20130621202252')[0m
  [1m[35m (1.2ms)[0m  INSERT INTO "schema_migrations" (version) VALUES ('1')
